Information
ID: 17717365
Name: create_glove_embeddings
Directory: /cluster/home/olejlia/NTNU-Masters
Nodes: idun-90-02
Number of nodes: 1
Cores: 2
Cores per node: 2
Number of tasks per core:
Creating conda environment
WARNING: A conda environment already exists at '/cluster/home/olejlia/.conda/envs/env'
Remove existing environment (y/[n])? 

CondaSystemExit: Exiting.

Activating conda environment

CommandNotFoundError: Your shell has not been properly configured to use 'conda activate'.
To initialize your shell, run

    $ conda init <SHELL_NAME>

Currently supported shells are:
  - bash
  - fish
  - tcsh
  - xonsh
  - zsh
  - powershell

See 'conda init --help' for more information and options.

IMPORTANT: You may need to close and restart your shell after running 'conda init'.


Pip install requirements
Install nltk stopwords
/cluster/apps/eb/software/Python/3.8.6-GCCcore-10.2.0/lib/python3.8/runpy.py:127: RuntimeWarning: 'nltk.downloader' found in sys.modules after import of package 'nltk', but prior to execution of 'nltk.downloader'; this may result in unpredictable behaviour
  warn(RuntimeWarning(msg))
[nltk_data] Downloading package stopwords to
[nltk_data]     /cluster/home/olejlia/nltk_data...
[nltk_data]   Package stopwords is already up-to-date!
../experiments/utils/word_embeddings.py:54: MarkupResemblesLocatorWarning: The input looks more like a filename than markup. You may want to open this file and pass the filehandle into Beautiful Soup.
  soup = BeautifulSoup(text, "html.parser")
../experiments/utils/word_embeddings.py:54: MarkupResemblesLocatorWarning: The input looks more like a URL than markup. You may want to use an HTTP client like requests to get the document behind the URL, and feed that document to Beautiful Soup.
  soup = BeautifulSoup(text, "html.parser")
Traceback (most recent call last):
  File "create_glove_embeddings.py", line 23, in <module>
    train_df = get_glove_emb(train_df)
  File "create_glove_embeddings.py", line 19, in get_glove_emb
    df["text"] = df["text"].map(lambda a: get_glove_word_vectors(a, sentence_length=512))
  File "/cluster/home/olejlia/.local/lib/python3.8/site-packages/pandas/core/series.py", line 4539, in map
    new_values = self._map_values(arg, na_action=na_action)
  File "/cluster/home/olejlia/.local/lib/python3.8/site-packages/pandas/core/base.py", line 890, in _map_values
    new_values = map_f(values, mapper)
  File "pandas/_libs/lib.pyx", line 2924, in pandas._libs.lib.map_infer
  File "create_glove_embeddings.py", line 19, in <lambda>
    df["text"] = df["text"].map(lambda a: get_glove_word_vectors(a, sentence_length=512))
  File "../experiments/utils/word_embeddings.py", line 139, in get_glove_word_vectors
    return [_extract_embeddings(text) for text in input]
  File "../experiments/utils/word_embeddings.py", line 139, in <listcomp>
    return [_extract_embeddings(text) for text in input]
  File "../experiments/utils/word_embeddings.py", line 130, in _extract_embeddings
    res = glove_vec.get_vecs_by_tokens(tokenized_input, lower_case_backup=True)
  File "/cluster/home/olejlia/.local/lib/python3.8/site-packages/torchtext/vocab/vectors.py", line 205, in get_vecs_by_tokens
    vecs = torch.stack(indices)
RuntimeError: stack expects a non-empty TensorList
Linux idun-90-02 4.18.0-425.3.1.el8.x86_64 #1 SMP Wed Nov 9 20:13:27 UTC 2022 x86_64 x86_64 x86_64 GNU/Linux
