Information
ID: 18051090
Name: name
Directory: /cluster/home/olejlia/NTNU-Masters
Nodes: idun-05-08
Number of nodes: 1
Cores: 1
Cores per node: 1
Number of tasks per core:
Creating conda environment
WARNING: A conda environment already exists at '/cluster/home/olejlia/.conda/envs/env'
Remove existing environment (y/[n])? 

CondaSystemExit: Exiting.

Activating conda environment

CommandNotFoundError: Your shell has not been properly configured to use 'conda activate'.
To initialize your shell, run

    $ conda init <SHELL_NAME>

Currently supported shells are:
  - bash
  - fish
  - tcsh
  - xonsh
  - zsh
  - powershell

See 'conda init --help' for more information and options.

IMPORTANT: You may need to close and restart your shell after running 'conda init'.


Pip install requirements
Running code
Usage: train_cnn.py [OPTIONS]
Try 'train_cnn.py --help' for help.

Error: Invalid value for '-e' / '--emb': '--dim' is not one of 'fasttext', 'glove', 'bert'.
Linux idun-05-08 4.18.0-425.3.1.el8.x86_64 #1 SMP Wed Nov 9 20:13:27 UTC 2022 x86_64 x86_64 x86_64 GNU/Linux
