Information
ID: 17982111
Name: create_glove_embs
Directory: /cluster/home/martijni/NTNU-Masters
Nodes: idun-07-31
Number of nodes: 1
Cores: 1
Cores per node: 1
Number of tasks per core:
Creating conda environment
WARNING: A conda environment already exists at '/cluster/home/martijni/.conda/envs/env'
Remove existing environment (y/[n])? 

CondaSystemExit: Exiting.

Activating conda environment

CommandNotFoundError: Your shell has not been properly configured to use 'conda activate'.
To initialize your shell, run

    $ conda init <SHELL_NAME>

Currently supported shells are:
  - bash
  - fish
  - tcsh
  - xonsh
  - zsh
  - powershell

See 'conda init --help' for more information and options.

IMPORTANT: You may need to close and restart your shell after running 'conda init'.


Pip install requirements
Install nltk stopwords
/cluster/apps/eb/software/Python/3.8.6-GCCcore-10.2.0/lib/python3.8/runpy.py:127: RuntimeWarning: 'nltk.downloader' found in sys.modules after import of package 'nltk', but prior to execution of 'nltk.downloader'; this may result in unpredictable behaviour
  warn(RuntimeWarning(msg))
[nltk_data] Downloading package stopwords to
[nltk_data]     /cluster/home/martijni/nltk_data...
[nltk_data]   Package stopwords is already up-to-date!
Running code
/cluster/home/martijni/NTNU-Masters/src/experiments/features/load_and_store_emb_batches.py:43: SettingWithCopyWarning: 
A value is trying to be set on a copy of a slice from a DataFrame.
Try using .loc[row_indexer,col_indexer] = value instead

See the caveats in the documentation: https://pandas.pydata.org/pandas-docs/stable/user_guide/indexing.html#returning-a-view-versus-a-copy
  rows["date"] = rows["date"].map(lambda a: replace_empty(a)) # Avoid conflict with h5py. None is treated as object type. Convert None to " "
/cluster/home/martijni/NTNU-Masters/src/experiments/utils/word_embeddings.py:54: MarkupResemblesLocatorWarning: The input looks more like a filename than markup. You may want to open this file and pass the filehandle into Beautiful Soup.
  soup = BeautifulSoup(text, "html.parser")
/cluster/home/martijni/NTNU-Masters/src/experiments/features/load_and_store_emb_batches.py:16: SettingWithCopyWarning: 
A value is trying to be set on a copy of a slice from a DataFrame.
Try using .loc[row_indexer,col_indexer] = value instead

See the caveats in the documentation: https://pandas.pydata.org/pandas-docs/stable/user_guide/indexing.html#returning-a-view-versus-a-copy
  df["text"] = df["text"].map(lambda a: get_glove_word_vectors(a, sentence_length=512, size_small=False))
/cluster/home/martijni/NTNU-Masters/src/experiments/features/load_and_store_emb_batches.py:46: SettingWithCopyWarning: 
A value is trying to be set on a copy of a slice from a DataFrame.
Try using .loc[row_indexer,col_indexer] = value instead

See the caveats in the documentation: https://pandas.pydata.org/pandas-docs/stable/user_guide/indexing.html#returning-a-view-versus-a-copy
  rows["text"] = rows["text"].map(lambda a: a.numpy())
/cluster/home/martijni/NTNU-Masters/src/experiments/utils/word_embeddings.py:54: MarkupResemblesLocatorWarning: The input looks more like a URL than markup. You may want to use an HTTP client like requests to get the document behind the URL, and feed that document to Beautiful Soup.
  soup = BeautifulSoup(text, "html.parser")
Type: glove, train
date:  ['2017-04-19' ' ' ' ' '2017-03-24' '2016-08-15' '2016-12-06' '2017-05-03'
 '2016-12-17' '2017-02-23' '2017-01-26' '2017-01-07' '1997-07-23'
 '2017-04-19' '2009-09-11' '2017-01-01' '2004-01-04' '2017-03-15'
 '2017-05-04' '2017-05-18' '2006-08-25' '2011-10-03' '2017-02-06'
 '2006-01-24' '2017-05-13' ' ' '2017-03-30' '2016-12-13' '2003-03-25' ' '
 '2016-12-01' '2017-01-07' '2012-02-01' '2016-10-15' '2017-05-19' ' '
 '2017-04-24' '2016-11-12' '2017-02-16' '2017-02-15' '2016-08-16'
 '2016-11-09' '2016-12-13' '2017-02-23' ' ' '2016-10-08' '2017-05-10'
 '2017-05-18' '2016-09-11' '2014-11-07' '2011-11-24' '2017-02-05'
 '2017-02-06' '2004-01-02' '2017-01-31' ' ' '2016-10-27' '2014-12-27'
 '2017-01-03' '2017-01-18' '2017-02-14' ' ' '2017-02-17' ' ' '2012-10-31'
 '2017-04-20' '2017-04-13' ' ' '2004-01-02' '2016-02-02' '2016-09-22'
 '2017-02-18' ' ' '2006-08-25' ' ' ' ' '2014-11-23' ' ' '2017-01-04' ' '
 '2017-05-19' '2016-12-20' '2017-01-26' '2017-05-20' '2015-07-15'
 '2016-11-27' '2017-03-06' '2017-03-31' '2017-01-31' '2014-12-25'
 '2006-09-03' '2017-03-27' '2017-02-18' '2016-11-24' '2016-12-30'
 '2016-09-14' '2016-10-08' ' ' ' ' '2016-12-16' '2003-04-09' '2017-04-21'
 '2017-03-18' '2011-12-25' '2016-11-01' '2016-08-25' '2017-05-15'
 '2014-01-01' '2017-02-23' ' ' '2017-03-06' '2014-11-05' '2006-06-03' ' '
 '2015-01-01' '2014-11-12' '2016-09-22' '2016-10-05' '2017-04-05'
 '2016-11-09' ' ' '2017-04-23' '2017-02-06' '2016-10-15' '2017-05-03' ' '
 ' ' ' ' '2017-03-21' '2014-01-01' '2017-03-14' '2006-01-14' '2004-04-19'
 '2017-04-13' '2017-01-01' '2016-09-01' '2014-01-01' '2016-09-06'
 '2016-09-28' '2003-12-29' '2017-05-07' '2011-09-16' '2003-06-19'
 '2017-02-19' '2017-04-11' '2015-02-24' '2016-09-22' '2016-10-08'
 '2016-12-18' '2017-04-27' '2016-08-15' ' ' '2016-11-25' '2016-05-20'
 '2016-11-02' '2013-12-08' '2016-09-22' '2017-03-15' '2017-01-10'
 '2006-09-13' '2006-02-21' '2017-05-27' '2017-05-18' '2016-12-05'
 '2017-02-19' '2006-03-15' ' ' ' ' '2017-03-09' '2017-03-14' '2011-10-27'
 '2017-04-06' '2014-09-19' '2016-12-31' '2017-01-21' '2003-03-30' ' '
 '2016-09-13' '2016-10-16' '2016-10-15' '1997-09-05' ' ' '2016-10-15' ' '
 '2017-05-20' '2017-03-29' '2017-03-11' '2011-09-08' '2017-04-20'
 '2011-10-25' '2017-02-14' ' ' '2017-01-20' '2012-02-28' '2017-03-24'
 '2016-08-16' '2013-09-17' '2017-04-20' '2015-03-28' '2017-01-28'
 '2011-10-19']
(None, 512, 300)
(200, 512, 300)
I am on pos 0 and emb ds has shape: (200, 512, 300)
Current ds idx size: 200
Current rows shape: 200
Current ds idx size: 400
Current rows shape: 200
I am on pos 200 and emb ds has shape: (400, 512, 300)
Current ds idx size: 400
Current rows shape: 199
Current ds idx size: 599
Current rows shape: 199
I am on pos 400 and emb ds has shape: (599, 512, 300)
Current ds idx size: 599
Current rows shape: 200
Current ds idx size: 799
Current rows shape: 200
I am on pos 600 and emb ds has shape: (799, 512, 300)
Current ds idx size: 799
Current rows shape: 199
Current ds idx size: 998
Current rows shape: 199
I am on pos 800 and emb ds has shape: (998, 512, 300)
Current ds idx size: 998
Current rows shape: 200
Current ds idx size: 1198
Current rows shape: 200
I am on pos 1000 and emb ds has shape: (1198, 512, 300)
Current ds idx size: 1198
Current rows shape: 200
Current ds idx size: 1398
Current rows shape: 200
I am on pos 1200 and emb ds has shape: (1398, 512, 300)
Current ds idx size: 1398
Current rows shape: 200
Current ds idx size: 1598
Current rows shape: 200
I am on pos 1400 and emb ds has shape: (1598, 512, 300)
Current ds idx size: 1598
Current rows shape: 200
Current ds idx size: 1798
Current rows shape: 200
I am on pos 1600 and emb ds has shape: (1798, 512, 300)
Current ds idx size: 1798
Current rows shape: 199
Current ds idx size: 1997
Current rows shape: 199
I am on pos 1800 and emb ds has shape: (1997, 512, 300)
Current ds idx size: 1997
Current rows shape: 200
Current ds idx size: 2197
Current rows shape: 200
I am on pos 2000 and emb ds has shape: (2197, 512, 300)
Current ds idx size: 2197
Current rows shape: 200
Current ds idx size: 2397
Current rows shape: 200
I am on pos 2200 and emb ds has shape: (2397, 512, 300)
Current ds idx size: 2397
Current rows shape: 200
Current ds idx size: 2597
Current rows shape: 200
I am on pos 2400 and emb ds has shape: (2597, 512, 300)
Current ds idx size: 2597
Current rows shape: 199
Current ds idx size: 2796
Current rows shape: 199
I am on pos 2600 and emb ds has shape: (2796, 512, 300)
Current ds idx size: 2796
Current rows shape: 200
Current ds idx size: 2996
Current rows shape: 200
I am on pos 2800 and emb ds has shape: (2996, 512, 300)
Current ds idx size: 2996
Current rows shape: 200
Current ds idx size: 3196
Current rows shape: 200
I am on pos 3000 and emb ds has shape: (3196, 512, 300)
Current ds idx size: 3196
Current rows shape: 199
Current ds idx size: 3395
Current rows shape: 199
I am on pos 3200 and emb ds has shape: (3395, 512, 300)
Current ds idx size: 3395
Current rows shape: 199
Current ds idx size: 3594
Current rows shape: 199
I am on pos 3400 and emb ds has shape: (3594, 512, 300)
Current ds idx size: 3594
Current rows shape: 200
Current ds idx size: 3794
Current rows shape: 200
I am on pos 3600 and emb ds has shape: (3794, 512, 300)
Current ds idx size: 3794
Current rows shape: 200
Current ds idx size: 3994
Current rows shape: 200
I am on pos 3800 and emb ds has shape: (3994, 512, 300)
Current ds idx size: 3994
Current rows shape: 199
Current ds idx size: 4193
Current rows shape: 199
I am on pos 4000 and emb ds has shape: (4193, 512, 300)
Current ds idx size: 4193
Current rows shape: 200
Current ds idx size: 4393
Current rows shape: 200
I am on pos 4200 and emb ds has shape: (4393, 512, 300)
Current ds idx size: 4393
Current rows shape: 200
Current ds idx size: 4593
Current rows shape: 200
I am on pos 4400 and emb ds has shape: (4593, 512, 300)
Current ds idx size: 4593
Current rows shape: 200
Current ds idx size: 4793
Current rows shape: 200
I am on pos 4600 and emb ds has shape: (4793, 512, 300)
Current ds idx size: 4793
Current rows shape: 200
Current ds idx size: 4993
Current rows shape: 200
I am on pos 4800 and emb ds has shape: (4993, 512, 300)
Current ds idx size: 4993
Current rows shape: 200
Current ds idx size: 5193
Current rows shape: 200
I am on pos 5000 and emb ds has shape: (5193, 512, 300)
Current ds idx size: 5193
Current rows shape: 200
Current ds idx size: 5393
Current rows shape: 200
I am on pos 5200 and emb ds has shape: (5393, 512, 300)
Current ds idx size: 5393
Current rows shape: 199
Current ds idx size: 5592
Current rows shape: 199
I am on pos 5400 and emb ds has shape: (5592, 512, 300)
Current ds idx size: 5592
Current rows shape: 198
Current ds idx size: 5790
Current rows shape: 198
I am on pos 5600 and emb ds has shape: (5790, 512, 300)
Current ds idx size: 5790
Current rows shape: 200
Current ds idx size: 5990
Current rows shape: 200
I am on pos 5800 and emb ds has shape: (5990, 512, 300)
Current ds idx size: 5990
Current rows shape: 199
Current ds idx size: 6189
Current rows shape: 199
I am on pos 6000 and emb ds has shape: (6189, 512, 300)
Current ds idx size: 6189
Current rows shape: 200
Current ds idx size: 6389
Current rows shape: 200
I am on pos 6200 and emb ds has shape: (6389, 512, 300)
Current ds idx size: 6389
Current rows shape: 199
Current ds idx size: 6588
Current rows shape: 199
I am on pos 6400 and emb ds has shape: (6588, 512, 300)
Current ds idx size: 6588
Current rows shape: 200
Current ds idx size: 6788
Current rows shape: 200
I am on pos 6600 and emb ds has shape: (6788, 512, 300)
Current ds idx size: 6788
Current rows shape: 200
Current ds idx size: 6988
Current rows shape: 200
I am on pos 6800 and emb ds has shape: (6988, 512, 300)
Current ds idx size: 6988
Current rows shape: 200
Current ds idx size: 7188
Current rows shape: 200
I am on pos 7000 and emb ds has shape: (7188, 512, 300)
Current ds idx size: 7188
Current rows shape: 199
Current ds idx size: 7387
Current rows shape: 199
I am on pos 7200 and emb ds has shape: (7387, 512, 300)
Current ds idx size: 7387
Current rows shape: 200
Current ds idx size: 7587
Current rows shape: 200
I am on pos 7400 and emb ds has shape: (7587, 512, 300)
Current ds idx size: 7587
Current rows shape: 200
Current ds idx size: 7787
Current rows shape: 200
I am on pos 7600 and emb ds has shape: (7787, 512, 300)
Current ds idx size: 7787
Current rows shape: 199
Current ds idx size: 7986
Current rows shape: 199
I am on pos 7800 and emb ds has shape: (7986, 512, 300)
Current ds idx size: 7986
Current rows shape: 199
Current ds idx size: 8185
Current rows shape: 199
I am on pos 8000 and emb ds has shape: (8185, 512, 300)
Current ds idx size: 8185
Current rows shape: 200
Current ds idx size: 8385
Current rows shape: 200
I am on pos 8200 and emb ds has shape: (8385, 512, 300)
Current ds idx size: 8385
Current rows shape: 200
Current ds idx size: 8585
Current rows shape: 200
I am on pos 8400 and emb ds has shape: (8585, 512, 300)
Current ds idx size: 8585
Current rows shape: 200
Current ds idx size: 8785
Current rows shape: 200
I am on pos 8600 and emb ds has shape: (8785, 512, 300)
Current ds idx size: 8785
Current rows shape: 200
Current ds idx size: 8985
Current rows shape: 200
I am on pos 8800 and emb ds has shape: (8985, 512, 300)
Current ds idx size: 8985
Current rows shape: 199
Current ds idx size: 9184
Current rows shape: 199
I am on pos 9000 and emb ds has shape: (9184, 512, 300)
Current ds idx size: 9184
Current rows shape: 200
Current ds idx size: 9384
Current rows shape: 200
I am on pos 9200 and emb ds has shape: (9384, 512, 300)
Current ds idx size: 9384
Current rows shape: 200
Current ds idx size: 9584
Current rows shape: 200
I am on pos 9400 and emb ds has shape: (9584, 512, 300)
Current ds idx size: 9584
Current rows shape: 200
Current ds idx size: 9784
Current rows shape: 200
I am on pos 9600 and emb ds has shape: (9784, 512, 300)
Current ds idx size: 9784
Current rows shape: 200
Current ds idx size: 9984
Current rows shape: 200
I am on pos 9800 and emb ds has shape: (9984, 512, 300)
Current ds idx size: 9984
Current rows shape: 199
Current ds idx size: 10183
Current rows shape: 199
I am on pos 10000 and emb ds has shape: (10183, 512, 300)
Current ds idx size: 10183
Current rows shape: 200
Current ds idx size: 10383
Current rows shape: 200
I am on pos 10200 and emb ds has shape: (10383, 512, 300)
Current ds idx size: 10383
Current rows shape: 200
Current ds idx size: 10583
Current rows shape: 200
I am on pos 10400 and emb ds has shape: (10583, 512, 300)
Current ds idx size: 10583
Current rows shape: 198
Current ds idx size: 10781
Current rows shape: 198
I am on pos 10600 and emb ds has shape: (10781, 512, 300)
Current ds idx size: 10781
Current rows shape: 200
Current ds idx size: 10981
Current rows shape: 200
I am on pos 10800 and emb ds has shape: (10981, 512, 300)
Current ds idx size: 10981
Current rows shape: 200
Current ds idx size: 11181
Current rows shape: 200
I am on pos 11000 and emb ds has shape: (11181, 512, 300)
Current ds idx size: 11181
Current rows shape: 200
Current ds idx size: 11381
Current rows shape: 200
I am on pos 11200 and emb ds has shape: (11381, 512, 300)
Current ds idx size: 11381
Current rows shape: 199
Current ds idx size: 11580
Current rows shape: 199
I am on pos 11400 and emb ds has shape: (11580, 512, 300)
Current ds idx size: 11580
Current rows shape: 200
Current ds idx size: 11780
Current rows shape: 200
I am on pos 11600 and emb ds has shape: (11780, 512, 300)
Current ds idx size: 11780
Current rows shape: 200
Current ds idx size: 11980
Current rows shape: 200
I am on pos 11800 and emb ds has shape: (11980, 512, 300)
Current ds idx size: 11980
Current rows shape: 200
Current ds idx size: 12180
Current rows shape: 200
I am on pos 12000 and emb ds has shape: (12180, 512, 300)
Current ds idx size: 12180
Current rows shape: 200
Current ds idx size: 12380
Current rows shape: 200
I am on pos 12200 and emb ds has shape: (12380, 512, 300)
Current ds idx size: 12380
Current rows shape: 198
Current ds idx size: 12578
Current rows shape: 198
I am on pos 12400 and emb ds has shape: (12578, 512, 300)
Current ds idx size: 12578
Current rows shape: 200
Current ds idx size: 12778
Current rows shape: 200
I am on pos 12600 and emb ds has shape: (12778, 512, 300)
Current ds idx size: 12778
Current rows shape: 199
Current ds idx size: 12977
Current rows shape: 199
I am on pos 12800 and emb ds has shape: (12977, 512, 300)
Current ds idx size: 12977
Current rows shape: 199
Current ds idx size: 13176
Current rows shape: 199
I am on pos 13000 and emb ds has shape: (13176, 512, 300)
Current ds idx size: 13176
Current rows shape: 198
Current ds idx size: 13374
Current rows shape: 198
I am on pos 13200 and emb ds has shape: (13374, 512, 300)
Current ds idx size: 13374
Current rows shape: 200
Current ds idx size: 13574
Current rows shape: 200
I am on pos 13400 and emb ds has shape: (13574, 512, 300)
Current ds idx size: 13574
Current rows shape: 199
Current ds idx size: 13773
Current rows shape: 199
I am on pos 13600 and emb ds has shape: (13773, 512, 300)
Current ds idx size: 13773
Current rows shape: 200
Current ds idx size: 13973
Current rows shape: 200
I am on pos 13800 and emb ds has shape: (13973, 512, 300)
Current ds idx size: 13973
Current rows shape: 199
Current ds idx size: 14172
Current rows shape: 199
I am on pos 14000 and emb ds has shape: (14172, 512, 300)
Current ds idx size: 14172
Current rows shape: 199
Current ds idx size: 14371
Current rows shape: 199
I am on pos 14200 and emb ds has shape: (14371, 512, 300)
Current ds idx size: 14371
Current rows shape: 199
Current ds idx size: 14570
Current rows shape: 199
I am on pos 14400 and emb ds has shape: (14570, 512, 300)
Current ds idx size: 14570
Current rows shape: 199
Current ds idx size: 14769
Current rows shape: 199
I am on pos 14600 and emb ds has shape: (14769, 512, 300)
Current ds idx size: 14769
Current rows shape: 200
Current ds idx size: 14969
Current rows shape: 200
I am on pos 14800 and emb ds has shape: (14969, 512, 300)
Current ds idx size: 14969
Current rows shape: 199
Current ds idx size: 15168
Current rows shape: 199
I am on pos 15000 and emb ds has shape: (15168, 512, 300)
Current ds idx size: 15168
Current rows shape: 200
Current ds idx size: 15368
Current rows shape: 200
I am on pos 15200 and emb ds has shape: (15368, 512, 300)
Current ds idx size: 15368
Current rows shape: 199
Current ds idx size: 15567
Current rows shape: 199
I am on pos 15400 and emb ds has shape: (15567, 512, 300)
Current ds idx size: 15567
Current rows shape: 199
Current ds idx size: 15766
Current rows shape: 199
I am on pos 15600 and emb ds has shape: (15766, 512, 300)
Current ds idx size: 15766
Current rows shape: 199
Current ds idx size: 15965
Current rows shape: 199
I am on pos 15800 and emb ds has shape: (15965, 512, 300)
Current ds idx size: 15965
Current rows shape: 199
Current ds idx size: 16164
Current rows shape: 199
I am on pos 16000 and emb ds has shape: (16164, 512, 300)
Current ds idx size: 16164
Current rows shape: 200
Current ds idx size: 16364
Current rows shape: 200
I am on pos 16200 and emb ds has shape: (16364, 512, 300)
Current ds idx size: 16364
Current rows shape: 199
Current ds idx size: 16563
Current rows shape: 199
I am on pos 16400 and emb ds has shape: (16563, 512, 300)
Current ds idx size: 16563
Current rows shape: 199
Current ds idx size: 16762
Current rows shape: 199
I am on pos 16600 and emb ds has shape: (16762, 512, 300)
Current ds idx size: 16762
Current rows shape: 200
Current ds idx size: 16962
Current rows shape: 200
I am on pos 16800 and emb ds has shape: (16962, 512, 300)
Current ds idx size: 16962
Current rows shape: 35
Current ds idx size: 16997
Current rows shape: 35
I am on pos 35 and 'data' chunk has shape: (16997, 512, 300)
Type: glove, test
date:  ['2016-12-06' '2016-12-18' ' ' '2014-12-02' '2017-02-18' '2016-12-01'
 '2017-02-18' '1998-06-12' '2016-10-28' '2012-08-17' ' ' '2017-04-19'
 '2011-10-29' '2011-09-06' '2017-02-06' ' ' '2017-06-05' '2006-01-18'
 '2011-12-18' ' ' '2017-01-30' '2017-03-05' '2017-05-20' '2016-09-06'
 '2017-03-21' ' ' '2016-09-24' '2016-12-25' '2004-11-08' '2016-10-23'
 '2017-02-09' '2017-02-19' '2011-11-04' ' ' '2016-09-05' '2017-04-30'
 '2016-12-31' '2015-09-17' '2014-12-17' '2015-01-01' '2014-01-01'
 '2016-10-02' ' ' '2014-12-08' ' ' '2017-02-06' '2017-01-01' '2017-01-01'
 '2017-03-14' '2017-05-23' ' ' '2016-09-15' ' ' ' ' '2006-08-24'
 '2017-05-28' '2017-04-29' '2017-05-30' '2017-03-21' '2017-05-03' ' ' ' '
 '2016-10-31' ' ' '2017-03-13' '2016-12-06' '2017-02-19' '2016-12-14'
 '2016-09-15' '2017-01-05' '2017-02-06' '2017-01-01' '2014-09-19'
 '2017-05-01' '2017-01-26' ' ' '2017-05-29' '2011-12-02' '2016-09-21'
 '2016-12-29' '2016-08-31' '2017-01-31' '2017-01-07' '2017-05-18'
 '2017-07-30' '2017-03-30' '2017-01-01' '2016-12-28' '2016-08-13'
 '2016-09-21' '2011-08-28' '2016-09-13' '2016-12-17' '2006-08-29'
 '2003-03-24' '2017-03-04' '2016-09-29' '2017-01-22' '2017-06-02'
 '2016-08-24' '2016-12-06' '2016-11-16' '2017-05-14' '2011-12-04'
 '2017-04-28' '2006-09-02' ' ' '2017-01-15' '2016-08-26' '2017-01-15'
 '2016-11-06' '2016-10-12' '2016-08-31' '2014-11-13' '2016-11-26'
 '2017-05-10' '2017-03-05' ' ' '2017-03-20' ' ' '2017-05-14' '2011-11-07'
 ' ' '2016-09-07' '2016-08-31' '2016-09-19' '2016-01-01' '2014-07-13'
 '2017-02-08' ' ' '1998-05-09' '2014-11-01' '2011-09-20' '2016-09-13'
 '2017-03-06' '2017-05-02' '2017-01-29' '2017-05-03' '2017-04-21'
 '2013-11-26' ' ' '2011-10-15' '2017-01-02' '2011-01-31' '2017-05-31'
 '2017-05-30' ' ' '2017-03-15' ' ' '2016-10-27' '2016-11-25' '2014-12-31'
 '2016-09-25' '2017-03-28' '2011-09-17' '2017-01-23' ' ' '2016-11-16'
 '2013-12-12' '2016-10-10' '2017-04-01' '2016-12-21' '2017-04-14'
 '2014-11-18' '2016-11-28' '2016-10-19' '2017-05-29' '2017-03-09'
 '2016-08-23' '2017-03-11' ' ' '2016-10-19' '2004-01-02' '2016-08-20'
 '2006-02-06' '2017-01-01' '2017-05-07' '2016-12-29' '2003-05-01' ' '
 '2017-02-23' '2016-11-17' ' ' '2017-03-24' '2016-10-26' '2006-01-07'
 '1966-08-01' '2010-07-06' '2017-05-16' '2016-12-30' '2006-08-23'
 '2017-03-20' '2017-03-02' '2017-04-30' '2017-03-12' '2016-12-16'
 '2016-10-08' '2017-03-25' '2015-10-06']
(None, 512, 300)
(199, 512, 300)
I am on pos 0 and emb ds has shape: (199, 512, 300)
Current ds idx size: 199
Current rows shape: 199
Current ds idx size: 398
Current rows shape: 199
I am on pos 200 and emb ds has shape: (398, 512, 300)
Current ds idx size: 398
Current rows shape: 199
Current ds idx size: 597
Current rows shape: 199
I am on pos 400 and emb ds has shape: (597, 512, 300)
Current ds idx size: 597
Current rows shape: 200
Current ds idx size: 797
Current rows shape: 200
I am on pos 600 and emb ds has shape: (797, 512, 300)
Current ds idx size: 797
Current rows shape: 200
Current ds idx size: 997
Current rows shape: 200
I am on pos 800 and emb ds has shape: (997, 512, 300)
Current ds idx size: 997
Current rows shape: 199
Current ds idx size: 1196
Current rows shape: 199
I am on pos 1000 and emb ds has shape: (1196, 512, 300)
Current ds idx size: 1196
Current rows shape: 200
Current ds idx size: 1396
Current rows shape: 200
I am on pos 1200 and emb ds has shape: (1396, 512, 300)
Current ds idx size: 1396
Current rows shape: 199
Current ds idx size: 1595
Current rows shape: 199
I am on pos 1400 and emb ds has shape: (1595, 512, 300)
Current ds idx size: 1595
Current rows shape: 199
Current ds idx size: 1794
Current rows shape: 199
I am on pos 1600 and emb ds has shape: (1794, 512, 300)
Current ds idx size: 1794
Current rows shape: 200
Current ds idx size: 1994
Current rows shape: 200
I am on pos 1800 and emb ds has shape: (1994, 512, 300)
Current ds idx size: 1994
Current rows shape: 200
Current ds idx size: 2194
Current rows shape: 200
I am on pos 2000 and emb ds has shape: (2194, 512, 300)
Current ds idx size: 2194
Current rows shape: 199
Current ds idx size: 2393
Current rows shape: 199
I am on pos 2200 and emb ds has shape: (2393, 512, 300)
Current ds idx size: 2393
Current rows shape: 198
Current ds idx size: 2591
Current rows shape: 198
I am on pos 2400 and emb ds has shape: (2591, 512, 300)
Current ds idx size: 2591
Current rows shape: 200
Current ds idx size: 2791
Current rows shape: 200
I am on pos 2600 and emb ds has shape: (2791, 512, 300)
Current ds idx size: 2791
Current rows shape: 199
Current ds idx size: 2990
Current rows shape: 199
I am on pos 2800 and emb ds has shape: (2990, 512, 300)
Current ds idx size: 2990
Current rows shape: 199
Current ds idx size: 3189
Current rows shape: 199
I am on pos 3000 and emb ds has shape: (3189, 512, 300)
Current ds idx size: 3189
Current rows shape: 200
Current ds idx size: 3389
Current rows shape: 200
I am on pos 3200 and emb ds has shape: (3389, 512, 300)
Current ds idx size: 3389
Current rows shape: 199
Current ds idx size: 3588
Current rows shape: 199
I am on pos 3400 and emb ds has shape: (3588, 512, 300)
Current ds idx size: 3588
Current rows shape: 200
Current ds idx size: 3788
Current rows shape: 200
I am on pos 3600 and emb ds has shape: (3788, 512, 300)
Current ds idx size: 3788
Current rows shape: 200
Current ds idx size: 3988
Current rows shape: 200
I am on pos 3800 and emb ds has shape: (3988, 512, 300)
Current ds idx size: 3988
Current rows shape: 199
Current ds idx size: 4187
Current rows shape: 199
I am on pos 4000 and emb ds has shape: (4187, 512, 300)
Current ds idx size: 4187
Current rows shape: 60
Current ds idx size: 4247
Current rows shape: 60
I am on pos 60 and 'data' chunk has shape: (4247, 512, 300)
Type: glove, hold out
date:  ['2004-02-09' '2004-02-09' '2004-01-24' '2011-01-05']
(None, 512, 300)
(4, 512, 300)
I am on pos 4 and 'data' chunk has shape: (4, 512, 300)
Linux idun-07-31 4.18.0-425.3.1.el8.x86_64 #1 SMP Wed Nov 9 20:13:27 UTC 2022 x86_64 x86_64 x86_64 GNU/Linux
