Information
ID: 17982109
Name: create_bert_embs
Directory: /cluster/home/martijni/NTNU-Masters
Nodes: idun-07-31
Number of nodes: 1
Cores: 1
Cores per node: 1
Number of tasks per core:
Creating conda environment
WARNING: A conda environment already exists at '/cluster/home/martijni/.conda/envs/env'
Remove existing environment (y/[n])? 

CondaSystemExit: Exiting.

Activating conda environment

CommandNotFoundError: Your shell has not been properly configured to use 'conda activate'.
To initialize your shell, run

    $ conda init <SHELL_NAME>

Currently supported shells are:
  - bash
  - fish
  - tcsh
  - xonsh
  - zsh
  - powershell

See 'conda init --help' for more information and options.

IMPORTANT: You may need to close and restart your shell after running 'conda init'.


Pip install requirements
Install nltk stopwords
/cluster/apps/eb/software/Python/3.8.6-GCCcore-10.2.0/lib/python3.8/runpy.py:127: RuntimeWarning: 'nltk.downloader' found in sys.modules after import of package 'nltk', but prior to execution of 'nltk.downloader'; this may result in unpredictable behaviour
  warn(RuntimeWarning(msg))
[nltk_data] Downloading package stopwords to
[nltk_data]     /cluster/home/martijni/nltk_data...
[nltk_data]   Package stopwords is already up-to-date!
Running code
/cluster/home/martijni/NTNU-Masters/src/experiments/features/load_and_store_emb_batches.py:43: SettingWithCopyWarning: 
A value is trying to be set on a copy of a slice from a DataFrame.
Try using .loc[row_indexer,col_indexer] = value instead

See the caveats in the documentation: https://pandas.pydata.org/pandas-docs/stable/user_guide/indexing.html#returning-a-view-versus-a-copy
  rows["date"] = rows["date"].map(lambda a: replace_empty(a)) # Avoid conflict with h5py. None is treated as object type. Convert None to " "
/cluster/home/martijni/NTNU-Masters/src/experiments/features/load_and_store_emb_batches.py:20: SettingWithCopyWarning: 
A value is trying to be set on a copy of a slice from a DataFrame.
Try using .loc[row_indexer,col_indexer] = value instead

See the caveats in the documentation: https://pandas.pydata.org/pandas-docs/stable/user_guide/indexing.html#returning-a-view-versus-a-copy
  df["text"] = df["text"].map(lambda a: get_bert_word_embeddings(a, sentence_length=512))
Type: bert, train
date:  ['2017-04-19' ' ' ' ' '2017-03-24' '2016-08-15' '2016-12-06' '2017-05-03'
 '2016-12-17' '2017-02-23' '2017-01-26' '2017-01-07' '1997-07-23'
 '2017-04-19' '2009-09-11' '2017-01-01' '2004-01-04' '2017-03-15'
 '2017-05-04' '2017-05-18' '2006-08-25' '2011-10-03' '2017-02-06'
 '2006-01-24' '2017-05-13' ' ' '2017-03-30' '2016-12-13' '2003-03-25' ' '
 '2016-12-01' '2017-01-07' '2012-02-01' '2016-10-15' '2017-05-19' ' '
 '2017-04-24' '2016-11-12' '2017-02-16' '2017-02-15' '2016-08-16'
 '2016-11-09' '2016-12-13' '2017-02-23' ' ' '2016-10-08' '2017-05-10'
 '2017-05-18' '2016-09-11' '2014-11-07' '2011-11-24' '2017-02-05'
 '2017-02-06' '2004-01-02' '2017-01-31' ' ' '2016-10-27' '2014-12-27'
 '2017-01-03' '2017-01-18' '2017-02-14' ' ' '2017-02-17' ' ' '2012-10-31'
 '2017-04-20' '2017-04-13' ' ' '2004-01-02' '2016-02-02' '2016-09-22'
 '2017-02-18' ' ' '2006-08-25' ' ' ' ' '2014-11-23' ' ' '2017-01-04' ' '
 '2017-05-19' '2016-12-20' '2017-01-26' '2017-05-20' '2015-07-15'
 '2016-11-27' '2017-03-06' '2017-03-31' '2017-01-31' '2014-12-25'
 '2006-09-03' '2017-03-27' '2017-02-18' '2016-11-24' '2016-12-30'
 '2016-09-14' '2016-10-08' ' ' ' ' '2016-12-16' '2003-04-09' '2017-04-21'
 '2017-03-18' '2011-12-25' '2016-11-01' '2016-08-25' '2017-05-15'
 '2014-01-01' '2017-02-23' ' ' '2017-03-06' '2014-11-05' '2006-06-03' ' '
 '2015-01-01' '2014-11-12' '2016-09-22' '2016-10-05' '2017-04-05'
 '2016-11-09' ' ' '2017-04-23' '2017-02-06' '2016-10-15' '2017-05-03' ' '
 ' ' ' ' '2017-03-21' '2014-01-01' '2017-03-14' '2006-01-14' '2004-04-19'
 '2017-04-13' '2017-01-01' '2016-09-01' '2014-01-01' '2016-09-06'
 '2016-09-28' '2003-12-29' '2017-05-07' '2011-09-16' '2003-06-19'
 '2017-02-19' '2017-04-11' '2015-02-24' '2016-09-22' '2016-10-08'
 '2016-12-18' '2017-04-27' '2016-08-15' ' ' '2016-11-25' '2016-05-20'
 '2016-11-02' '2013-12-08' '2016-09-22' '2017-03-15' '2017-01-10'
 '2006-09-13' '2006-02-21' '2017-05-27' '2017-05-18' '2016-12-05'
 '2017-02-19' '2006-03-15' ' ' ' ' '2017-03-09' '2017-03-14' '2011-10-27'
 '2017-04-06' '2014-09-19' '2016-12-31' '2017-01-21' '2003-03-30' ' '
 '2016-09-13' '2016-10-16' '2016-10-15' '1997-09-05' ' ' '2016-10-15' ' '
 '2017-05-20' '2017-03-29' '2017-03-11' '2011-09-08' '2017-04-20'
 '2011-10-25' '2017-02-14' ' ' '2017-01-20' '2012-02-28' '2017-03-24'
 '2016-08-16' '2013-09-17' '2017-04-20' '2015-03-28' '2017-01-28'
 '2011-10-19']
(None, 512, 768)
(200, 512, 768)
I am on pos 0 and emb ds has shape: (200, 512, 768)
Current ds idx size: 200
Current rows shape: 200
Current ds idx size: 400
Current rows shape: 200
I am on pos 200 and emb ds has shape: (400, 512, 768)
Current ds idx size: 400
Current rows shape: 200
Current ds idx size: 600
Current rows shape: 200
I am on pos 400 and emb ds has shape: (600, 512, 768)
Current ds idx size: 600
Current rows shape: 200
Current ds idx size: 800
Current rows shape: 200
I am on pos 600 and emb ds has shape: (800, 512, 768)
Current ds idx size: 800
Current rows shape: 200
Current ds idx size: 1000
Current rows shape: 200
I am on pos 800 and emb ds has shape: (1000, 512, 768)
Current ds idx size: 1000
Current rows shape: 200
Current ds idx size: 1200
Current rows shape: 200
I am on pos 1000 and emb ds has shape: (1200, 512, 768)
Current ds idx size: 1200
Current rows shape: 200
Current ds idx size: 1400
Current rows shape: 200
I am on pos 1200 and emb ds has shape: (1400, 512, 768)
Current ds idx size: 1400
Current rows shape: 200
Current ds idx size: 1600
Current rows shape: 200
I am on pos 1400 and emb ds has shape: (1600, 512, 768)
Current ds idx size: 1600
Current rows shape: 200
Current ds idx size: 1800
Current rows shape: 200
I am on pos 1600 and emb ds has shape: (1800, 512, 768)
Current ds idx size: 1800
Current rows shape: 200
Current ds idx size: 2000
Current rows shape: 200
I am on pos 1800 and emb ds has shape: (2000, 512, 768)
Current ds idx size: 2000
Current rows shape: 200
Current ds idx size: 2200
Current rows shape: 200
I am on pos 2000 and emb ds has shape: (2200, 512, 768)
Current ds idx size: 2200
Current rows shape: 200
Current ds idx size: 2400
Current rows shape: 200
I am on pos 2200 and emb ds has shape: (2400, 512, 768)
Current ds idx size: 2400
Current rows shape: 200
Current ds idx size: 2600
Current rows shape: 200
I am on pos 2400 and emb ds has shape: (2600, 512, 768)
Current ds idx size: 2600
Current rows shape: 200
Current ds idx size: 2800
Current rows shape: 200
I am on pos 2600 and emb ds has shape: (2800, 512, 768)
Current ds idx size: 2800
Current rows shape: 200
Current ds idx size: 3000
Current rows shape: 200
I am on pos 2800 and emb ds has shape: (3000, 512, 768)
Current ds idx size: 3000
Current rows shape: 200
Current ds idx size: 3200
Current rows shape: 200
I am on pos 3000 and emb ds has shape: (3200, 512, 768)
Current ds idx size: 3200
Current rows shape: 200
Current ds idx size: 3400
Current rows shape: 200
I am on pos 3200 and emb ds has shape: (3400, 512, 768)
Current ds idx size: 3400
Current rows shape: 200
Current ds idx size: 3600
Current rows shape: 200
I am on pos 3400 and emb ds has shape: (3600, 512, 768)
Current ds idx size: 3600
Current rows shape: 200
Current ds idx size: 3800
Current rows shape: 200
I am on pos 3600 and emb ds has shape: (3800, 512, 768)
Current ds idx size: 3800
Current rows shape: 200
Current ds idx size: 4000
Current rows shape: 200
I am on pos 3800 and emb ds has shape: (4000, 512, 768)
Current ds idx size: 4000
Current rows shape: 200
Current ds idx size: 4200
Current rows shape: 200
I am on pos 4000 and emb ds has shape: (4200, 512, 768)
Current ds idx size: 4200
Current rows shape: 200
Current ds idx size: 4400
Current rows shape: 200
I am on pos 4200 and emb ds has shape: (4400, 512, 768)
Current ds idx size: 4400
Current rows shape: 200
Current ds idx size: 4600
Current rows shape: 200
I am on pos 4400 and emb ds has shape: (4600, 512, 768)
Current ds idx size: 4600
Current rows shape: 200
Current ds idx size: 4800
Current rows shape: 200
I am on pos 4600 and emb ds has shape: (4800, 512, 768)
Current ds idx size: 4800
Current rows shape: 200
Current ds idx size: 5000
Current rows shape: 200
I am on pos 4800 and emb ds has shape: (5000, 512, 768)
Current ds idx size: 5000
Current rows shape: 200
Current ds idx size: 5200
Current rows shape: 200
I am on pos 5000 and emb ds has shape: (5200, 512, 768)
Current ds idx size: 5200
Current rows shape: 200
Current ds idx size: 5400
Current rows shape: 200
I am on pos 5200 and emb ds has shape: (5400, 512, 768)
Current ds idx size: 5400
Current rows shape: 200
Current ds idx size: 5600
Current rows shape: 200
I am on pos 5400 and emb ds has shape: (5600, 512, 768)
Current ds idx size: 5600
Current rows shape: 200
Current ds idx size: 5800
Current rows shape: 200
I am on pos 5600 and emb ds has shape: (5800, 512, 768)
Current ds idx size: 5800
Current rows shape: 200
Current ds idx size: 6000
Current rows shape: 200
I am on pos 5800 and emb ds has shape: (6000, 512, 768)
Current ds idx size: 6000
Current rows shape: 200
Current ds idx size: 6200
Current rows shape: 200
I am on pos 6000 and emb ds has shape: (6200, 512, 768)
Current ds idx size: 6200
Current rows shape: 200
Current ds idx size: 6400
Current rows shape: 200
I am on pos 6200 and emb ds has shape: (6400, 512, 768)
Current ds idx size: 6400
Current rows shape: 200
Current ds idx size: 6600
Current rows shape: 200
I am on pos 6400 and emb ds has shape: (6600, 512, 768)
Current ds idx size: 6600
Current rows shape: 200
Current ds idx size: 6800
Current rows shape: 200
I am on pos 6600 and emb ds has shape: (6800, 512, 768)
Current ds idx size: 6800
Current rows shape: 200
Current ds idx size: 7000
Current rows shape: 200
I am on pos 6800 and emb ds has shape: (7000, 512, 768)
Current ds idx size: 7000
Current rows shape: 200
Current ds idx size: 7200
Current rows shape: 200
I am on pos 7000 and emb ds has shape: (7200, 512, 768)
Current ds idx size: 7200
Current rows shape: 200
Current ds idx size: 7400
Current rows shape: 200
I am on pos 7200 and emb ds has shape: (7400, 512, 768)
Current ds idx size: 7400
Current rows shape: 200
Current ds idx size: 7600
Current rows shape: 200
I am on pos 7400 and emb ds has shape: (7600, 512, 768)
Current ds idx size: 7600
Current rows shape: 200
Current ds idx size: 7800
Current rows shape: 200
I am on pos 7600 and emb ds has shape: (7800, 512, 768)
Current ds idx size: 7800
Current rows shape: 200
Current ds idx size: 8000
Current rows shape: 200
I am on pos 7800 and emb ds has shape: (8000, 512, 768)
Current ds idx size: 8000
Current rows shape: 200
Current ds idx size: 8200
Current rows shape: 200
I am on pos 8000 and emb ds has shape: (8200, 512, 768)
Current ds idx size: 8200
Current rows shape: 200
Current ds idx size: 8400
Current rows shape: 200
I am on pos 8200 and emb ds has shape: (8400, 512, 768)
Current ds idx size: 8400
Current rows shape: 200
Current ds idx size: 8600
Current rows shape: 200
I am on pos 8400 and emb ds has shape: (8600, 512, 768)
Current ds idx size: 8600
Current rows shape: 200
Current ds idx size: 8800
Current rows shape: 200
I am on pos 8600 and emb ds has shape: (8800, 512, 768)
Current ds idx size: 8800
Current rows shape: 200
Current ds idx size: 9000
Current rows shape: 200
I am on pos 8800 and emb ds has shape: (9000, 512, 768)
Current ds idx size: 9000
Current rows shape: 200
Current ds idx size: 9200
Current rows shape: 200
I am on pos 9000 and emb ds has shape: (9200, 512, 768)
Current ds idx size: 9200
Current rows shape: 200
Current ds idx size: 9400
Current rows shape: 200
I am on pos 9200 and emb ds has shape: (9400, 512, 768)
Current ds idx size: 9400
Current rows shape: 200
Current ds idx size: 9600
Current rows shape: 200
I am on pos 9400 and emb ds has shape: (9600, 512, 768)
Current ds idx size: 9600
Current rows shape: 200
Current ds idx size: 9800
Current rows shape: 200
I am on pos 9600 and emb ds has shape: (9800, 512, 768)
Current ds idx size: 9800
Current rows shape: 200
Current ds idx size: 10000
Current rows shape: 200
I am on pos 9800 and emb ds has shape: (10000, 512, 768)
Current ds idx size: 10000
Current rows shape: 200
Current ds idx size: 10200
Current rows shape: 200
I am on pos 10000 and emb ds has shape: (10200, 512, 768)
Current ds idx size: 10200
Current rows shape: 200
Current ds idx size: 10400
Current rows shape: 200
I am on pos 10200 and emb ds has shape: (10400, 512, 768)
Current ds idx size: 10400
Current rows shape: 200
Current ds idx size: 10600
Current rows shape: 200
I am on pos 10400 and emb ds has shape: (10600, 512, 768)
Current ds idx size: 10600
Current rows shape: 200
Current ds idx size: 10800
Current rows shape: 200
I am on pos 10600 and emb ds has shape: (10800, 512, 768)
Current ds idx size: 10800
Current rows shape: 200
Current ds idx size: 11000
Current rows shape: 200
I am on pos 10800 and emb ds has shape: (11000, 512, 768)
Current ds idx size: 11000
Current rows shape: 200
Current ds idx size: 11200
Current rows shape: 200
I am on pos 11000 and emb ds has shape: (11200, 512, 768)
Current ds idx size: 11200
Current rows shape: 200
Current ds idx size: 11400
Current rows shape: 200
I am on pos 11200 and emb ds has shape: (11400, 512, 768)
Current ds idx size: 11400
Current rows shape: 200
Current ds idx size: 11600
Current rows shape: 200
I am on pos 11400 and emb ds has shape: (11600, 512, 768)
Current ds idx size: 11600
Current rows shape: 200
Current ds idx size: 11800
Current rows shape: 200
I am on pos 11600 and emb ds has shape: (11800, 512, 768)
Current ds idx size: 11800
Current rows shape: 200
Current ds idx size: 12000
Current rows shape: 200
I am on pos 11800 and emb ds has shape: (12000, 512, 768)
Current ds idx size: 12000
Current rows shape: 200
Current ds idx size: 12200
Current rows shape: 200
I am on pos 12000 and emb ds has shape: (12200, 512, 768)
Current ds idx size: 12200
Current rows shape: 200
Current ds idx size: 12400
Current rows shape: 200
I am on pos 12200 and emb ds has shape: (12400, 512, 768)
Current ds idx size: 12400
Current rows shape: 200
Current ds idx size: 12600
Current rows shape: 200
I am on pos 12400 and emb ds has shape: (12600, 512, 768)
Current ds idx size: 12600
Current rows shape: 200
Current ds idx size: 12800
Current rows shape: 200
I am on pos 12600 and emb ds has shape: (12800, 512, 768)
Current ds idx size: 12800
Current rows shape: 200
Current ds idx size: 13000
Current rows shape: 200
I am on pos 12800 and emb ds has shape: (13000, 512, 768)
Current ds idx size: 13000
Current rows shape: 200
Current ds idx size: 13200
Current rows shape: 200
I am on pos 13000 and emb ds has shape: (13200, 512, 768)
Current ds idx size: 13200
Current rows shape: 200
Current ds idx size: 13400
Current rows shape: 200
I am on pos 13200 and emb ds has shape: (13400, 512, 768)
Current ds idx size: 13400
Current rows shape: 200
Current ds idx size: 13600
Current rows shape: 200
I am on pos 13400 and emb ds has shape: (13600, 512, 768)
Current ds idx size: 13600
Current rows shape: 200
Current ds idx size: 13800
Current rows shape: 200
I am on pos 13600 and emb ds has shape: (13800, 512, 768)
Current ds idx size: 13800
Current rows shape: 200
Current ds idx size: 14000
Current rows shape: 200
I am on pos 13800 and emb ds has shape: (14000, 512, 768)
Current ds idx size: 14000
Current rows shape: 200
Current ds idx size: 14200
Current rows shape: 200
I am on pos 14000 and emb ds has shape: (14200, 512, 768)
Current ds idx size: 14200
Current rows shape: 200
Current ds idx size: 14400
Current rows shape: 200
I am on pos 14200 and emb ds has shape: (14400, 512, 768)
Current ds idx size: 14400
Current rows shape: 200
Current ds idx size: 14600
Current rows shape: 200
I am on pos 14400 and emb ds has shape: (14600, 512, 768)
Current ds idx size: 14600
Current rows shape: 200
Current ds idx size: 14800
Current rows shape: 200
I am on pos 14600 and emb ds has shape: (14800, 512, 768)
Current ds idx size: 14800
Current rows shape: 200
Current ds idx size: 15000
Current rows shape: 200
I am on pos 14800 and emb ds has shape: (15000, 512, 768)
Current ds idx size: 15000
Current rows shape: 200
Current ds idx size: 15200
Current rows shape: 200
I am on pos 15000 and emb ds has shape: (15200, 512, 768)
Current ds idx size: 15200
Current rows shape: 200
Current ds idx size: 15400
Current rows shape: 200
I am on pos 15200 and emb ds has shape: (15400, 512, 768)
Current ds idx size: 15400
Current rows shape: 200
Current ds idx size: 15600
Current rows shape: 200
I am on pos 15400 and emb ds has shape: (15600, 512, 768)
Current ds idx size: 15600
Current rows shape: 200
Current ds idx size: 15800
Current rows shape: 200
I am on pos 15600 and emb ds has shape: (15800, 512, 768)
Current ds idx size: 15800
Current rows shape: 200
Current ds idx size: 16000
Current rows shape: 200
I am on pos 15800 and emb ds has shape: (16000, 512, 768)
Current ds idx size: 16000
Current rows shape: 200
Current ds idx size: 16200
Current rows shape: 200
I am on pos 16000 and emb ds has shape: (16200, 512, 768)
Current ds idx size: 16200
Current rows shape: 200
Current ds idx size: 16400
Current rows shape: 200
I am on pos 16200 and emb ds has shape: (16400, 512, 768)
Current ds idx size: 16400
Current rows shape: 200
Current ds idx size: 16600
Current rows shape: 200
I am on pos 16400 and emb ds has shape: (16600, 512, 768)
Current ds idx size: 16600
Current rows shape: 200
Current ds idx size: 16800
Current rows shape: 200
I am on pos 16600 and emb ds has shape: (16800, 512, 768)
Current ds idx size: 16800
Current rows shape: 200
Current ds idx size: 17000
Current rows shape: 200
I am on pos 16800 and emb ds has shape: (17000, 512, 768)
Current ds idx size: 17000
Current rows shape: 35
Current ds idx size: 17035
Current rows shape: 35
I am on pos 35 and 'data' chunk has shape: (17035, 512, 768)
Type: bert, test
date:  ['2016-12-06' '2016-12-18' ' ' '2014-12-02' '2017-02-18' '2016-12-01'
 '2017-02-18' '1998-06-12' '2016-10-28' '2012-08-17' ' ' '2017-04-19'
 '2011-10-29' '2011-09-06' '2017-02-06' ' ' '2017-06-05' '2006-01-18'
 '2011-12-18' ' ' '2017-01-30' '2017-03-05' '2017-05-20' '2016-09-06'
 '2017-03-21' ' ' '2016-09-24' '2016-12-25' '2004-11-08' '2016-10-23'
 '2017-02-09' '2017-02-19' '2011-11-04' ' ' '2016-09-05' '2017-04-30'
 '2016-12-31' '2015-09-17' '2014-12-17' '2015-01-01' '2014-01-01'
 '2016-10-02' ' ' '2014-12-08' ' ' '2017-02-06' '2017-01-01' '2017-01-01'
 '2017-03-14' '2017-05-23' ' ' '2016-09-15' ' ' ' ' '2011-12-30'
 '2006-08-24' '2017-05-28' '2017-04-29' '2017-05-30' '2017-03-21'
 '2017-05-03' ' ' ' ' '2016-10-31' ' ' '2017-03-13' '2016-12-06'
 '2017-02-19' '2016-12-14' '2016-09-15' '2017-01-05' '2017-02-06'
 '2017-01-01' '2014-09-19' '2017-05-01' '2017-01-26' ' ' '2017-05-29'
 '2011-12-02' '2016-09-21' '2016-12-29' '2016-08-31' '2017-01-31'
 '2017-01-07' '2017-05-18' '2017-07-30' '2017-03-30' '2017-01-01'
 '2016-12-28' '2016-08-13' '2016-09-21' '2011-08-28' '2016-09-13'
 '2016-12-17' '2006-08-29' '2003-03-24' '2017-03-04' '2016-09-29'
 '2017-01-22' '2017-06-02' '2016-08-24' '2016-12-06' '2016-11-16'
 '2017-05-14' '2011-12-04' '2017-04-28' '2006-09-02' ' ' '2017-01-15'
 '2016-08-26' '2017-01-15' '2016-11-06' '2016-10-12' '2016-08-31'
 '2014-11-13' '2016-11-26' '2017-05-10' '2017-03-05' ' ' '2017-03-20' ' '
 '2017-05-14' '2011-11-07' ' ' '2016-09-07' '2016-08-31' '2016-09-19'
 '2016-01-01' '2014-07-13' '2017-02-08' ' ' '1998-05-09' '2014-11-01'
 '2011-09-20' '2016-09-13' '2017-03-06' '2017-05-02' '2017-01-29'
 '2017-05-03' '2017-04-21' '2013-11-26' ' ' '2011-10-15' '2017-01-02'
 '2011-01-31' '2017-05-31' '2017-05-30' ' ' '2017-03-15' ' ' '2016-10-27'
 '2016-11-25' '2014-12-31' '2016-09-25' '2017-03-28' '2011-09-17'
 '2017-01-23' ' ' '2016-11-16' '2013-12-12' '2016-10-10' '2017-04-01'
 '2016-12-21' '2017-04-14' '2014-11-18' '2016-11-28' '2016-10-19'
 '2017-05-29' '2017-03-09' '2016-08-23' '2017-03-11' ' ' '2016-10-19'
 '2004-01-02' '2016-08-20' '2006-02-06' '2017-01-01' '2017-05-07'
 '2016-12-29' '2003-05-01' ' ' '2017-02-23' '2016-11-17' ' ' '2017-03-24'
 '2016-10-26' '2006-01-07' '1966-08-01' '2010-07-06' '2017-05-16'
 '2016-12-30' '2006-08-23' '2017-03-20' '2017-03-02' '2017-04-30'
 '2017-03-12' '2016-12-16' '2016-10-08' '2017-03-25' '2015-10-06']
(None, 512, 768)
(200, 512, 768)
I am on pos 0 and emb ds has shape: (200, 512, 768)
Current ds idx size: 200
Current rows shape: 200
Current ds idx size: 400
Current rows shape: 200
I am on pos 200 and emb ds has shape: (400, 512, 768)
Current ds idx size: 400
Current rows shape: 200
Current ds idx size: 600
Current rows shape: 200
I am on pos 400 and emb ds has shape: (600, 512, 768)
Current ds idx size: 600
Current rows shape: 200
Current ds idx size: 800
Current rows shape: 200
I am on pos 600 and emb ds has shape: (800, 512, 768)
Current ds idx size: 800
Current rows shape: 200
Current ds idx size: 1000
Current rows shape: 200
I am on pos 800 and emb ds has shape: (1000, 512, 768)
Current ds idx size: 1000
Current rows shape: 200
Current ds idx size: 1200
Current rows shape: 200
I am on pos 1000 and emb ds has shape: (1200, 512, 768)
Current ds idx size: 1200
Current rows shape: 200
Current ds idx size: 1400
Current rows shape: 200
I am on pos 1200 and emb ds has shape: (1400, 512, 768)
Current ds idx size: 1400
Current rows shape: 200
Current ds idx size: 1600
Current rows shape: 200
I am on pos 1400 and emb ds has shape: (1600, 512, 768)
Current ds idx size: 1600
Current rows shape: 200
Current ds idx size: 1800
Current rows shape: 200
I am on pos 1600 and emb ds has shape: (1800, 512, 768)
Current ds idx size: 1800
Current rows shape: 200
Current ds idx size: 2000
Current rows shape: 200
I am on pos 1800 and emb ds has shape: (2000, 512, 768)
Current ds idx size: 2000
Current rows shape: 200
Current ds idx size: 2200
Current rows shape: 200
I am on pos 2000 and emb ds has shape: (2200, 512, 768)
Current ds idx size: 2200
Current rows shape: 200
Current ds idx size: 2400
Current rows shape: 200
I am on pos 2200 and emb ds has shape: (2400, 512, 768)
Current ds idx size: 2400
Current rows shape: 200
Current ds idx size: 2600
Current rows shape: 200
I am on pos 2400 and emb ds has shape: (2600, 512, 768)
Current ds idx size: 2600
Current rows shape: 200
Current ds idx size: 2800
Current rows shape: 200
I am on pos 2600 and emb ds has shape: (2800, 512, 768)
Current ds idx size: 2800
Current rows shape: 200
Current ds idx size: 3000
Current rows shape: 200
I am on pos 2800 and emb ds has shape: (3000, 512, 768)
Current ds idx size: 3000
Current rows shape: 200
Current ds idx size: 3200
Current rows shape: 200
I am on pos 3000 and emb ds has shape: (3200, 512, 768)
Current ds idx size: 3200
Current rows shape: 200
Current ds idx size: 3400
Current rows shape: 200
I am on pos 3200 and emb ds has shape: (3400, 512, 768)
Current ds idx size: 3400
Current rows shape: 200
Current ds idx size: 3600
Current rows shape: 200
I am on pos 3400 and emb ds has shape: (3600, 512, 768)
Current ds idx size: 3600
Current rows shape: 200
Current ds idx size: 3800
Current rows shape: 200
I am on pos 3600 and emb ds has shape: (3800, 512, 768)
Current ds idx size: 3800
Current rows shape: 200
Current ds idx size: 4000
Current rows shape: 200
I am on pos 3800 and emb ds has shape: (4000, 512, 768)
Current ds idx size: 4000
Current rows shape: 200
Current ds idx size: 4200
Current rows shape: 200
I am on pos 4000 and emb ds has shape: (4200, 512, 768)
Current ds idx size: 4200
Current rows shape: 60
Current ds idx size: 4260
Current rows shape: 60
I am on pos 60 and 'data' chunk has shape: (4260, 512, 768)
Type: bert, hold out
date:  ['2004-02-09' '2004-02-09' '2004-01-24' '2011-01-05']
(None, 512, 768)
(4, 512, 768)
I am on pos 4 and 'data' chunk has shape: (4, 512, 768)
Linux idun-07-31 4.18.0-425.3.1.el8.x86_64 #1 SMP Wed Nov 9 20:13:27 UTC 2022 x86_64 x86_64 x86_64 GNU/Linux
